<?xml version="1.0" encoding="UTF-8"?>
<!-- Generated by org.testng.reporters.JUnitReportReporter -->
<testsuite hostname="ARJUN-PC" failures="0" tests="2" name="TestCases.TC1" time="3.042" errors="0" timestamp="2022-06-21T08:09:16 IST" skipped="0">
  <testcase classname="TestCases.TC1" name="userSelectTravelDetails" time="2.771"/>
  <testcase classname="TestCases.TC1" name="userSelectTravelType" time="0.271"/>
</testsuite> <!-- TestCases.TC1 -->
